{"E:\\workspaces\\windows-apps\\ContextMaster\\.claude\\worktrees\\elastic-swirles\\src\\main\\data\\repositories\\BackupSnapshotRepo.ts": {"path":"E:\\workspaces\\windows-apps\\ContextMaster\\.claude\\worktrees\\elastic-swirles\\src\\main\\data\\repositories\\BackupSnapshotRepo.ts","statementMap":{"0":{"start":{"line":15,"column":31},"end":{"line":15,"column":54}},"1":{"start":{"line":18,"column":17},"end":{"line":22,"column":null}},"2":{"start":{"line":23,"column":19},"end":{"line":28,"column":null}},"3":{"start":{"line":30,"column":4},"end":{"line":30,"column":null}},"4":{"start":{"line":34,"column":17},"end":{"line":36,"column":12}},"5":{"start":{"line":37,"column":4},"end":{"line":37,"column":null}},"6":{"start":{"line":41,"column":16},"end":{"line":43,"column":14}},"7":{"start":{"line":44,"column":4},"end":{"line":44,"column":null}},"8":{"start":{"line":48,"column":4},"end":{"line":48,"column":null}},"9":{"start":{"line":52,"column":4},"end":{"line":59,"column":null}}},"fnMap":{"0":{"name":"(anonymous_0)","decl":{"start":{"line":15,"column":2},"end":{"line":15,"column":14}},"loc":{"start":{"line":15,"column":54},"end":{"line":15,"column":54}},"line":15},"1":{"name":"(anonymous_1)","decl":{"start":{"line":17,"column":2},"end":{"line":17,"column":9}},"loc":{"start":{"line":17,"column":63},"end":{"line":30,"column":null}},"line":17},"2":{"name":"(anonymous_2)","decl":{"start":{"line":33,"column":2},"end":{"line":33,"column":30}},"loc":{"start":{"line":33,"column":30},"end":{"line":37,"column":null}},"line":33},"3":{"name":"(anonymous_3)","decl":{"start":{"line":40,"column":2},"end":{"line":40,"column":11}},"loc":{"start":{"line":40,"column":46},"end":{"line":44,"column":null}},"line":40},"4":{"name":"(anonymous_4)","decl":{"start":{"line":47,"column":2},"end":{"line":47,"column":9}},"loc":{"start":{"line":47,"column":27},"end":{"line":48,"column":null}},"line":47},"5":{"name":"(anonymous_5)","decl":{"start":{"line":51,"column":2},"end":{"line":51,"column":10}},"loc":{"start":{"line":51,"column":46},"end":{"line":59,"column":null}},"line":51}},"branchMap":{"0":{"loc":{"start":{"line":44,"column":11},"end":{"line":44,"column":null}},"type":"cond-expr","locations":[{"start":{"line":44,"column":17},"end":{"line":44,"column":34}},{"start":{"line":44,"column":37},"end":{"line":44,"column":null}}],"line":44}},"s":{"0":6,"1":1,"2":1,"3":1,"4":2,"5":2,"6":2,"7":2,"8":1,"9":3},"f":{"0":6,"1":1,"2":2,"3":2,"4":1,"5":3},"b":{"0":[1,1]},"meta":{"lastBranch":1,"lastFunction":6,"lastStatement":10,"seen":{"f:15:2:15:14":0,"s:15:31:15:54":0,"f:17:2:17:9":1,"s:18:17:22:Infinity":1,"s:23:19:28:Infinity":2,"s:30:4:30:Infinity":3,"f:33:2:33:30":2,"s:34:17:36:12":4,"s:37:4:37:Infinity":5,"f:40:2:40:11":3,"s:41:16:43:14":6,"s:44:4:44:Infinity":7,"b:44:17:44:34:44:37:44:Infinity":0,"f:47:2:47:9":4,"s:48:4:48:Infinity":8,"f:51:2:51:10":5,"s:52:4:59:Infinity":9}}}
,"E:\\workspaces\\windows-apps\\ContextMaster\\.claude\\worktrees\\elastic-swirles\\src\\main\\data\\repositories\\OperationRecordRepo.ts": {"path":"E:\\workspaces\\windows-apps\\ContextMaster\\.claude\\worktrees\\elastic-swirles\\src\\main\\data\\repositories\\OperationRecordRepo.ts","statementMap":{"0":{"start":{"line":16,"column":31},"end":{"line":16,"column":54}},"1":{"start":{"line":19,"column":17},"end":{"line":23,"column":null}},"2":{"start":{"line":24,"column":19},"end":{"line":30,"column":null}},"3":{"start":{"line":32,"column":4},"end":{"line":32,"column":null}},"4":{"start":{"line":36,"column":17},"end":{"line":38,"column":12}},"5":{"start":{"line":39,"column":4},"end":{"line":39,"column":null}},"6":{"start":{"line":43,"column":16},"end":{"line":45,"column":14}},"7":{"start":{"line":46,"column":4},"end":{"line":46,"column":null}},"8":{"start":{"line":50,"column":4},"end":{"line":50,"column":null}},"9":{"start":{"line":54,"column":4},"end":{"line":62,"column":null}}},"fnMap":{"0":{"name":"(anonymous_0)","decl":{"start":{"line":16,"column":2},"end":{"line":16,"column":14}},"loc":{"start":{"line":16,"column":54},"end":{"line":16,"column":54}},"line":16},"1":{"name":"(anonymous_1)","decl":{"start":{"line":18,"column":2},"end":{"line":18,"column":9}},"loc":{"start":{"line":18,"column":63},"end":{"line":32,"column":null}},"line":18},"2":{"name":"(anonymous_2)","decl":{"start":{"line":35,"column":2},"end":{"line":35,"column":31}},"loc":{"start":{"line":35,"column":31},"end":{"line":39,"column":null}},"line":35},"3":{"name":"(anonymous_3)","decl":{"start":{"line":42,"column":2},"end":{"line":42,"column":11}},"loc":{"start":{"line":42,"column":47},"end":{"line":46,"column":null}},"line":42},"4":{"name":"(anonymous_4)","decl":{"start":{"line":49,"column":2},"end":{"line":49,"column":20}},"loc":{"start":{"line":49,"column":20},"end":{"line":50,"column":null}},"line":49},"5":{"name":"(anonymous_5)","decl":{"start":{"line":53,"column":2},"end":{"line":53,"column":10}},"loc":{"start":{"line":53,"column":47},"end":{"line":62,"column":null}},"line":53}},"branchMap":{"0":{"loc":{"start":{"line":29,"column":6},"end":{"line":29,"column":null}},"type":"binary-expr","locations":[{"start":{"line":29,"column":6},"end":{"line":29,"column":25}},{"start":{"line":29,"column":25},"end":{"line":29,"column":null}}],"line":29},"1":{"loc":{"start":{"line":30,"column":6},"end":{"line":30,"column":null}},"type":"binary-expr","locations":[{"start":{"line":30,"column":6},"end":{"line":30,"column":25}},{"start":{"line":30,"column":25},"end":{"line":30,"column":null}}],"line":30},"2":{"loc":{"start":{"line":46,"column":11},"end":{"line":46,"column":null}},"type":"cond-expr","locations":[{"start":{"line":46,"column":17},"end":{"line":46,"column":34}},{"start":{"line":46,"column":37},"end":{"line":46,"column":null}}],"line":46}},"s":{"0":6,"1":2,"2":2,"3":2,"4":1,"5":1,"6":2,"7":2,"8":1,"9":3},"f":{"0":6,"1":2,"2":1,"3":2,"4":1,"5":3},"b":{"0":[2,1],"1":[2,1],"2":[1,1]},"meta":{"lastBranch":3,"lastFunction":6,"lastStatement":10,"seen":{"f:16:2:16:14":0,"s:16:31:16:54":0,"f:18:2:18:9":1,"s:19:17:23:Infinity":1,"s:24:19:30:Infinity":2,"b:29:6:29:25:29:25:29:Infinity":0,"b:30:6:30:25:30:25:30:Infinity":1,"s:32:4:32:Infinity":3,"f:35:2:35:31":2,"s:36:17:38:12":4,"s:39:4:39:Infinity":5,"f:42:2:42:11":3,"s:43:16:45:14":6,"s:46:4:46:Infinity":7,"b:46:17:46:34:46:37:46:Infinity":2,"f:49:2:49:20":4,"s:50:4:50:Infinity":8,"f:53:2:53:10":5,"s:54:4:62:Infinity":9}}}
,"E:\\workspaces\\windows-apps\\ContextMaster\\.claude\\worktrees\\elastic-swirles\\src\\main\\ipc\\registry.ts": {"path":"E:\\workspaces\\windows-apps\\ContextMaster\\.claude\\worktrees\\elastic-swirles\\src\\main\\ipc\\registry.ts","statementMap":{"0":{"start":{"line":9,"column":2},"end":{"line":14,"column":null}},"1":{"start":{"line":12,"column":6},"end":{"line":12,"column":37}},"2":{"start":{"line":16,"column":2},"end":{"line":33,"column":null}},"3":{"start":{"line":19,"column":19},"end":{"line":29,"column":null}},"4":{"start":{"line":30,"column":21},"end":{"line":30,"column":55}},"5":{"start":{"line":31,"column":6},"end":{"line":31,"column":null}},"6":{"start":{"line":35,"column":2},"end":{"line":45,"column":null}},"7":{"start":{"line":38,"column":6},"end":{"line":41,"column":null}},"8":{"start":{"line":39,"column":8},"end":{"line":39,"column":null}},"9":{"start":{"line":41,"column":8},"end":{"line":41,"column":null}},"10":{"start":{"line":43,"column":6},"end":{"line":43,"column":null}}},"fnMap":{"0":{"name":"registerRegistryHandlers","decl":{"start":{"line":8,"column":16},"end":{"line":8,"column":41}},"loc":{"start":{"line":8,"column":80},"end":{"line":45,"column":null}},"line":8},"1":{"name":"(anonymous_1)","decl":{"start":{"line":11,"column":4},"end":{"line":11,"column":17}},"loc":{"start":{"line":12,"column":6},"end":{"line":12,"column":37}},"line":12},"2":{"name":"(anonymous_2)","decl":{"start":{"line":18,"column":16},"end":{"line":18,"column":23}},"loc":{"start":{"line":18,"column":69},"end":{"line":32,"column":null}},"line":18},"3":{"name":"(anonymous_3)","decl":{"start":{"line":37,"column":16},"end":{"line":37,"column":23}},"loc":{"start":{"line":37,"column":70},"end":{"line":44,"column":null}},"line":37}},"branchMap":{"0":{"loc":{"start":{"line":28,"column":14},"end":{"line":28,"column":null}},"type":"binary-expr","locations":[{"start":{"line":28,"column":14},"end":{"line":28,"column":29}},{"start":{"line":28,"column":29},"end":{"line":28,"column":null}}],"line":28},"1":{"loc":{"start":{"line":38,"column":6},"end":{"line":41,"column":null}},"type":"if","locations":[{"start":{"line":38,"column":6},"end":{"line":41,"column":null}},{"start":{"line":40,"column":13},"end":{"line":41,"column":null}}],"line":38}},"s":{"0":7,"1":1,"2":7,"3":1,"4":1,"5":1,"6":7,"7":2,"8":1,"9":1,"10":2},"f":{"0":7,"1":1,"2":1,"3":2},"b":{"0":[1,0],"1":[1,1]},"meta":{"lastBranch":2,"lastFunction":4,"lastStatement":11,"seen":{"f:8:16:8:41":0,"s:9:2:14:Infinity":0,"f:11:4:11:17":1,"s:12:6:12:37":1,"s:16:2:33:Infinity":2,"f:18:16:18:23":2,"s:19:19:29:Infinity":3,"b:28:14:28:29:28:29:28:Infinity":0,"s:30:21:30:55":4,"s:31:6:31:Infinity":5,"s:35:2:45:Infinity":6,"f:37:16:37:23":3,"b:38:6:41:Infinity:40:13:41:Infinity":1,"s:38:6:41:Infinity":7,"s:39:8:39:Infinity":8,"s:41:8:41:Infinity":9,"s:43:6:43:Infinity":10}}}
,"E:\\workspaces\\windows-apps\\ContextMaster\\.claude\\worktrees\\elastic-swirles\\src\\main\\services\\BackupService.ts": {"path":"E:\\workspaces\\windows-apps\\ContextMaster\\.claude\\worktrees\\elastic-swirles\\src\\main\\services\\BackupService.ts","statementMap":{"0":{"start":{"line":13,"column":14},"end":{"line":13,"column":35}},"1":{"start":{"line":14,"column":2},"end":{"line":14,"column":null}},"2":{"start":{"line":14,"column":18},"end":{"line":14,"column":null}},"3":{"start":{"line":15,"column":2},"end":{"line":15,"column":null}},"4":{"start":{"line":20,"column":21},"end":{"line":20,"column":null}},"5":{"start":{"line":21,"column":21},"end":{"line":21,"column":null}},"6":{"start":{"line":22,"column":21},"end":{"line":22,"column":null}},"7":{"start":{"line":26,"column":38},"end":{"line":26,"column":40}},"8":{"start":{"line":27,"column":4},"end":{"line":29,"column":null}},"9":{"start":{"line":28,"column":20},"end":{"line":28,"column":62}},"10":{"start":{"line":29,"column":6},"end":{"line":29,"column":null}},"11":{"start":{"line":32,"column":21},"end":{"line":32,"column":45}},"12":{"start":{"line":33,"column":10},"end":{"line":33,"column":72}},"13":{"start":{"line":35,"column":21},"end":{"line":41,"column":6}},"14":{"start":{"line":43,"column":4},"end":{"line":43,"column":null}},"15":{"start":{"line":44,"column":4},"end":{"line":44,"column":null}},"16":{"start":{"line":45,"column":4},"end":{"line":45,"column":null}},"17":{"start":{"line":49,"column":21},"end":{"line":49,"column":51}},"18":{"start":{"line":50,"column":4},"end":{"line":50,"column":null}},"19":{"start":{"line":50,"column":19},"end":{"line":50,"column":null}},"20":{"start":{"line":52,"column":10},"end":{"line":54,"column":20}},"21":{"start":{"line":55,"column":4},"end":{"line":56,"column":null}},"22":{"start":{"line":56,"column":6},"end":{"line":56,"column":null}},"23":{"start":{"line":60,"column":4},"end":{"line":63,"column":null}},"24":{"start":{"line":65,"column":44},"end":{"line":65,"column":78}},"25":{"start":{"line":66,"column":4},"end":{"line":66,"column":null}},"26":{"start":{"line":66,"column":32},"end":{"line":66,"column":null}},"27":{"start":{"line":68,"column":45},"end":{"line":68,"column":47}},"28":{"start":{"line":69,"column":4},"end":{"line":70,"column":null}},"29":{"start":{"line":70,"column":6},"end":{"line":70,"column":null}},"30":{"start":{"line":73,"column":38},"end":{"line":73,"column":40}},"31":{"start":{"line":74,"column":39},"end":{"line":74,"column":41}},"32":{"start":{"line":76,"column":4},"end":{"line":81,"column":null}},"33":{"start":{"line":77,"column":22},"end":{"line":77,"column":119}},"34":{"start":{"line":77,"column":50},"end":{"line":77,"column":118}},"35":{"start":{"line":78,"column":6},"end":{"line":81,"column":null}},"36":{"start":{"line":79,"column":8},"end":{"line":79,"column":null}},"37":{"start":{"line":80,"column":8},"end":{"line":81,"column":null}},"38":{"start":{"line":80,"column":34},"end":{"line":80,"column":null}},"39":{"start":{"line":81,"column":13},"end":{"line":81,"column":null}},"40":{"start":{"line":85,"column":4},"end":{"line":85,"column":null}},"41":{"start":{"line":85,"column":25},"end":{"line":85,"column":null}},"42":{"start":{"line":86,"column":4},"end":{"line":86,"column":null}},"43":{"start":{"line":86,"column":26},"end":{"line":86,"column":null}},"44":{"start":{"line":88,"column":4},"end":{"line":88,"column":null}},"45":{"start":{"line":89,"column":4},"end":{"line":89,"column":null}},"46":{"start":{"line":93,"column":4},"end":{"line":93,"column":null}},"47":{"start":{"line":97,"column":4},"end":{"line":97,"column":null}},"48":{"start":{"line":101,"column":21},"end":{"line":101,"column":51}},"49":{"start":{"line":102,"column":4},"end":{"line":102,"column":null}},"50":{"start":{"line":102,"column":19},"end":{"line":102,"column":null}},"51":{"start":{"line":104,"column":41},"end":{"line":104,"column":75}},"52":{"start":{"line":105,"column":42},"end":{"line":105,"column":44}},"53":{"start":{"line":106,"column":4},"end":{"line":107,"column":null}},"54":{"start":{"line":107,"column":6},"end":{"line":107,"column":null}},"55":{"start":{"line":110,"column":36},"end":{"line":110,"column":38}},"56":{"start":{"line":111,"column":4},"end":{"line":114,"column":null}},"57":{"start":{"line":112,"column":22},"end":{"line":112,"column":116}},"58":{"start":{"line":112,"column":47},"end":{"line":112,"column":115}},"59":{"start":{"line":113,"column":6},"end":{"line":114,"column":null}},"60":{"start":{"line":114,"column":8},"end":{"line":114,"column":null}},"61":{"start":{"line":117,"column":4},"end":{"line":117,"column":null}},"62":{"start":{"line":121,"column":21},"end":{"line":121,"column":51}},"63":{"start":{"line":122,"column":4},"end":{"line":122,"column":null}},"64":{"start":{"line":122,"column":19},"end":{"line":122,"column":null}},"65":{"start":{"line":124,"column":35},"end":{"line":128,"column":6}},"66":{"start":{"line":130,"column":4},"end":{"line":130,"column":null}},"67":{"start":{"line":130,"column":31},"end":{"line":130,"column":null}},"68":{"start":{"line":131,"column":4},"end":{"line":131,"column":null}},"69":{"start":{"line":132,"column":4},"end":{"line":132,"column":null}},"70":{"start":{"line":136,"column":36},"end":{"line":143,"column":6}},"71":{"start":{"line":145,"column":4},"end":{"line":145,"column":null}},"72":{"start":{"line":145,"column":39},"end":{"line":145,"column":null}},"73":{"start":{"line":147,"column":21},"end":{"line":147,"column":null}},"74":{"start":{"line":148,"column":21},"end":{"line":148,"column":57}},"75":{"start":{"line":149,"column":10},"end":{"line":149,"column":72}},"76":{"start":{"line":151,"column":21},"end":{"line":157,"column":6}},"77":{"start":{"line":159,"column":4},"end":{"line":159,"column":null}},"78":{"start":{"line":160,"column":4},"end":{"line":160,"column":null}}},"fnMap":{"0":{"name":"normalizeKey","decl":{"start":{"line":12,"column":9},"end":{"line":12,"column":22}},"loc":{"start":{"line":12,"column":43},"end":{"line":15,"column":null}},"line":12},"1":{"name":"(anonymous_1)","decl":{"start":{"line":19,"column":2},"end":{"line":19,"column":null}},"loc":{"start":{"line":23,"column":4},"end":{"line":22,"column":null}},"line":23},"2":{"name":"(anonymous_2)","decl":{"start":{"line":25,"column":8},"end":{"line":25,"column":21}},"loc":{"start":{"line":25,"column":86},"end":{"line":45,"column":null}},"line":25},"3":{"name":"(anonymous_3)","decl":{"start":{"line":48,"column":8},"end":{"line":48,"column":22}},"loc":{"start":{"line":48,"column":57},"end":{"line":89,"column":null}},"line":48},"4":{"name":"(anonymous_4)","decl":{"start":{"line":77,"column":38},"end":{"line":77,"column":44}},"loc":{"start":{"line":77,"column":50},"end":{"line":77,"column":118}},"line":77},"5":{"name":"(anonymous_5)","decl":{"start":{"line":92,"column":8},"end":{"line":92,"column":21}},"loc":{"start":{"line":92,"column":48},"end":{"line":93,"column":null}},"line":92},"6":{"name":"(anonymous_6)","decl":{"start":{"line":96,"column":2},"end":{"line":96,"column":36}},"loc":{"start":{"line":96,"column":36},"end":{"line":97,"column":null}},"line":96},"7":{"name":"(anonymous_7)","decl":{"start":{"line":100,"column":8},"end":{"line":100,"column":27}},"loc":{"start":{"line":100,"column":75},"end":{"line":117,"column":null}},"line":100},"8":{"name":"(anonymous_8)","decl":{"start":{"line":112,"column":35},"end":{"line":112,"column":41}},"loc":{"start":{"line":112,"column":47},"end":{"line":112,"column":115}},"line":112},"9":{"name":"(anonymous_9)","decl":{"start":{"line":120,"column":8},"end":{"line":120,"column":21}},"loc":{"start":{"line":120,"column":76},"end":{"line":132,"column":null}},"line":120},"10":{"name":"(anonymous_10)","decl":{"start":{"line":135,"column":8},"end":{"line":135,"column":21}},"loc":{"start":{"line":135,"column":66},"end":{"line":160,"column":null}},"line":135}},"branchMap":{"0":{"loc":{"start":{"line":14,"column":2},"end":{"line":14,"column":null}},"type":"if","locations":[{"start":{"line":14,"column":2},"end":{"line":14,"column":null}},{"start":{},"end":{}}],"line":14},"1":{"loc":{"start":{"line":25,"column":35},"end":{"line":25,"column":86}},"type":"default-arg","locations":[{"start":{"line":25,"column":42},"end":{"line":25,"column":86}}],"line":25},"2":{"loc":{"start":{"line":50,"column":4},"end":{"line":50,"column":null}},"type":"if","locations":[{"start":{"line":50,"column":4},"end":{"line":50,"column":null}},{"start":{},"end":{}}],"line":50},"3":{"loc":{"start":{"line":55,"column":4},"end":{"line":56,"column":null}},"type":"if","locations":[{"start":{"line":55,"column":4},"end":{"line":56,"column":null}},{"start":{},"end":{}}],"line":55},"4":{"loc":{"start":{"line":66,"column":4},"end":{"line":66,"column":null}},"type":"if","locations":[{"start":{"line":66,"column":4},"end":{"line":66,"column":null}},{"start":{},"end":{}}],"line":66},"5":{"loc":{"start":{"line":78,"column":6},"end":{"line":81,"column":null}},"type":"if","locations":[{"start":{"line":78,"column":6},"end":{"line":81,"column":null}},{"start":{},"end":{}}],"line":78},"6":{"loc":{"start":{"line":78,"column":10},"end":{"line":78,"column":65}},"type":"binary-expr","locations":[{"start":{"line":78,"column":10},"end":{"line":78,"column":21}},{"start":{"line":78,"column":21},"end":{"line":78,"column":65}}],"line":78},"7":{"loc":{"start":{"line":80,"column":8},"end":{"line":81,"column":null}},"type":"if","locations":[{"start":{"line":80,"column":8},"end":{"line":81,"column":null}},{"start":{"line":81,"column":13},"end":{"line":81,"column":null}}],"line":80},"8":{"loc":{"start":{"line":85,"column":4},"end":{"line":85,"column":null}},"type":"if","locations":[{"start":{"line":85,"column":4},"end":{"line":85,"column":null}},{"start":{},"end":{}}],"line":85},"9":{"loc":{"start":{"line":86,"column":4},"end":{"line":86,"column":null}},"type":"if","locations":[{"start":{"line":86,"column":4},"end":{"line":86,"column":null}},{"start":{},"end":{}}],"line":86},"10":{"loc":{"start":{"line":102,"column":4},"end":{"line":102,"column":null}},"type":"if","locations":[{"start":{"line":102,"column":4},"end":{"line":102,"column":null}},{"start":{},"end":{}}],"line":102},"11":{"loc":{"start":{"line":113,"column":6},"end":{"line":114,"column":null}},"type":"if","locations":[{"start":{"line":113,"column":6},"end":{"line":114,"column":null}},{"start":{},"end":{}}],"line":113},"12":{"loc":{"start":{"line":113,"column":10},"end":{"line":113,"column":65}},"type":"binary-expr","locations":[{"start":{"line":113,"column":10},"end":{"line":113,"column":21}},{"start":{"line":113,"column":21},"end":{"line":113,"column":65}}],"line":113},"13":{"loc":{"start":{"line":122,"column":4},"end":{"line":122,"column":null}},"type":"if","locations":[{"start":{"line":122,"column":4},"end":{"line":122,"column":null}},{"start":{},"end":{}}],"line":122},"14":{"loc":{"start":{"line":130,"column":4},"end":{"line":130,"column":null}},"type":"if","locations":[{"start":{"line":130,"column":4},"end":{"line":130,"column":null}},{"start":{},"end":{}}],"line":130},"15":{"loc":{"start":{"line":130,"column":8},"end":{"line":130,"column":31}},"type":"binary-expr","locations":[{"start":{"line":130,"column":8},"end":{"line":130,"column":20}},{"start":{"line":130,"column":20},"end":{"line":130,"column":31}}],"line":130},"16":{"loc":{"start":{"line":145,"column":4},"end":{"line":145,"column":null}},"type":"if","locations":[{"start":{"line":145,"column":4},"end":{"line":145,"column":null}},{"start":{},"end":{}}],"line":145},"17":{"loc":{"start":{"line":145,"column":8},"end":{"line":145,"column":39}},"type":"binary-expr","locations":[{"start":{"line":145,"column":8},"end":{"line":145,"column":20}},{"start":{"line":145,"column":20},"end":{"line":145,"column":39}}],"line":145}},"s":{"0":0,"1":0,"2":0,"3":0,"4":4,"5":4,"6":4,"7":2,"8":2,"9":12,"10":12,"11":2,"12":2,"13":2,"14":2,"15":2,"16":2,"17":0,"18":0,"19":0,"20":0,"21":0,"22":0,"23":0,"24":0,"25":0,"26":0,"27":0,"28":0,"29":0,"30":0,"31":0,"32":0,"33":0,"34":0,"35":0,"36":0,"37":0,"38":0,"39":0,"40":0,"41":0,"42":0,"43":0,"44":0,"45":0,"46":1,"47":1,"48":0,"49":0,"50":0,"51":0,"52":0,"53":0,"54":0,"55":0,"56":0,"57":0,"58":0,"59":0,"60":0,"61":0,"62":0,"63":0,"64":0,"65":0,"66":0,"67":0,"68":0,"69":0,"70":0,"71":0,"72":0,"73":0,"74":0,"75":0,"76":0,"77":0,"78":0},"f":{"0":0,"1":4,"2":2,"3":0,"4":0,"5":1,"6":1,"7":0,"8":0,"9":0,"10":0},"b":{"0":[0,0],"1":[2],"2":[0,0],"3":[0,0],"4":[0,0],"5":[0,0],"6":[0,0],"7":[0,0],"8":[0,0],"9":[0,0],"10":[0,0],"11":[0,0],"12":[0,0],"13":[0,0],"14":[0,0],"15":[0,0],"16":[0,0],"17":[0,0]},"meta":{"lastBranch":18,"lastFunction":11,"lastStatement":79,"seen":{"f:12:9:12:22":0,"s:13:14:13:35":0,"b:14:2:14:Infinity:undefined:undefined:undefined:undefined":0,"s:14:2:14:Infinity":1,"s:14:18:14:Infinity":2,"s:15:2:15:Infinity":3,"f:19:2:19:Infinity":1,"s:20:21:20:Infinity":4,"s:21:21:21:Infinity":5,"s:22:21:22:Infinity":6,"f:25:8:25:21":2,"b:25:42:25:86":1,"s:26:38:26:40":7,"s:27:4:29:Infinity":8,"s:28:20:28:62":9,"s:29:6:29:Infinity":10,"s:32:21:32:45":11,"s:33:10:33:72":12,"s:35:21:41:6":13,"s:43:4:43:Infinity":14,"s:44:4:44:Infinity":15,"s:45:4:45:Infinity":16,"f:48:8:48:22":3,"s:49:21:49:51":17,"b:50:4:50:Infinity:undefined:undefined:undefined:undefined":2,"s:50:4:50:Infinity":18,"s:50:19:50:Infinity":19,"s:52:10:54:20":20,"b:55:4:56:Infinity:undefined:undefined:undefined:undefined":3,"s:55:4:56:Infinity":21,"s:56:6:56:Infinity":22,"s:60:4:63:Infinity":23,"s:65:44:65:78":24,"b:66:4:66:Infinity:undefined:undefined:undefined:undefined":4,"s:66:4:66:Infinity":25,"s:66:32:66:Infinity":26,"s:68:45:68:47":27,"s:69:4:70:Infinity":28,"s:70:6:70:Infinity":29,"s:73:38:73:40":30,"s:74:39:74:41":31,"s:76:4:81:Infinity":32,"s:77:22:77:119":33,"f:77:38:77:44":4,"s:77:50:77:118":34,"b:78:6:81:Infinity:undefined:undefined:undefined:undefined":5,"s:78:6:81:Infinity":35,"b:78:10:78:21:78:21:78:65":6,"s:79:8:79:Infinity":36,"b:80:8:81:Infinity:81:13:81:Infinity":7,"s:80:8:81:Infinity":37,"s:80:34:80:Infinity":38,"s:81:13:81:Infinity":39,"b:85:4:85:Infinity:undefined:undefined:undefined:undefined":8,"s:85:4:85:Infinity":40,"s:85:25:85:Infinity":41,"b:86:4:86:Infinity:undefined:undefined:undefined:undefined":9,"s:86:4:86:Infinity":42,"s:86:26:86:Infinity":43,"s:88:4:88:Infinity":44,"s:89:4:89:Infinity":45,"f:92:8:92:21":5,"s:93:4:93:Infinity":46,"f:96:2:96:36":6,"s:97:4:97:Infinity":47,"f:100:8:100:27":7,"s:101:21:101:51":48,"b:102:4:102:Infinity:undefined:undefined:undefined:undefined":10,"s:102:4:102:Infinity":49,"s:102:19:102:Infinity":50,"s:104:41:104:75":51,"s:105:42:105:44":52,"s:106:4:107:Infinity":53,"s:107:6:107:Infinity":54,"s:110:36:110:38":55,"s:111:4:114:Infinity":56,"s:112:22:112:116":57,"f:112:35:112:41":8,"s:112:47:112:115":58,"b:113:6:114:Infinity:undefined:undefined:undefined:undefined":11,"s:113:6:114:Infinity":59,"b:113:10:113:21:113:21:113:65":12,"s:114:8:114:Infinity":60,"s:117:4:117:Infinity":61,"f:120:8:120:21":9,"s:121:21:121:51":62,"b:122:4:122:Infinity:undefined:undefined:undefined:undefined":13,"s:122:4:122:Infinity":63,"s:122:19:122:Infinity":64,"s:124:35:128:6":65,"b:130:4:130:Infinity:undefined:undefined:undefined:undefined":14,"s:130:4:130:Infinity":66,"b:130:8:130:20:130:20:130:31":15,"s:130:31:130:Infinity":67,"s:131:4:131:Infinity":68,"s:132:4:132:Infinity":69,"f:135:8:135:21":10,"s:136:36:143:6":70,"b:145:4:145:Infinity:undefined:undefined:undefined:undefined":16,"s:145:4:145:Infinity":71,"b:145:8:145:20:145:20:145:39":17,"s:145:39:145:Infinity":72,"s:147:21:147:Infinity":73,"s:148:21:148:57":74,"s:149:10:149:72":75,"s:151:21:157:6":76,"s:159:4:159:Infinity":77,"s:160:4:160:Infinity":78}}}
,"E:\\workspaces\\windows-apps\\ContextMaster\\.claude\\worktrees\\elastic-swirles\\src\\main\\services\\MenuManagerService.ts": {"path":"E:\\workspaces\\windows-apps\\ContextMaster\\.claude\\worktrees\\elastic-swirles\\src\\main\\services\\MenuManagerService.ts","statementMap":{"0":{"start":{"line":9,"column":21},"end":{"line":9,"column":null}},"1":{"start":{"line":10,"column":21},"end":{"line":10,"column":null}},"2":{"start":{"line":14,"column":4},"end":{"line":14,"column":null}},"3":{"start":{"line":18,"column":4},"end":{"line":18,"column":null}},"4":{"start":{"line":18,"column":24},"end":{"line":18,"column":null}},"5":{"start":{"line":19,"column":19},"end":{"line":19,"column":77}},"6":{"start":{"line":20,"column":4},"end":{"line":20,"column":null}},"7":{"start":{"line":20,"column":31},"end":{"line":20,"column":null}},"8":{"start":{"line":21,"column":4},"end":{"line":21,"column":null}},"9":{"start":{"line":22,"column":4},"end":{"line":28,"column":null}},"10":{"start":{"line":29,"column":4},"end":{"line":29,"column":null}},"11":{"start":{"line":30,"column":4},"end":{"line":30,"column":null}},"12":{"start":{"line":34,"column":4},"end":{"line":34,"column":null}},"13":{"start":{"line":34,"column":25},"end":{"line":34,"column":null}},"14":{"start":{"line":35,"column":19},"end":{"line":35,"column":78}},"15":{"start":{"line":36,"column":4},"end":{"line":36,"column":null}},"16":{"start":{"line":36,"column":31},"end":{"line":36,"column":null}},"17":{"start":{"line":37,"column":4},"end":{"line":37,"column":null}},"18":{"start":{"line":38,"column":4},"end":{"line":44,"column":null}},"19":{"start":{"line":45,"column":4},"end":{"line":45,"column":null}},"20":{"start":{"line":46,"column":4},"end":{"line":46,"column":null}},"21":{"start":{"line":50,"column":4},"end":{"line":53,"column":null}},"22":{"start":{"line":51,"column":6},"end":{"line":51,"column":null}},"23":{"start":{"line":53,"column":6},"end":{"line":53,"column":null}},"24":{"start":{"line":58,"column":20},"end":{"line":58,"column":53}},"25":{"start":{"line":58,"column":40},"end":{"line":58,"column":53}},"26":{"start":{"line":59,"column":4},"end":{"line":59,"column":null}},"27":{"start":{"line":59,"column":25},"end":{"line":59,"column":null}},"28":{"start":{"line":61,"column":4},"end":{"line":61,"column":null}},"29":{"start":{"line":62,"column":4},"end":{"line":69,"column":null}},"30":{"start":{"line":63,"column":6},"end":{"line":64,"column":null}},"31":{"start":{"line":64,"column":8},"end":{"line":64,"column":null}},"32":{"start":{"line":66,"column":6},"end":{"line":66,"column":null}},"33":{"start":{"line":68,"column":6},"end":{"line":68,"column":null}},"34":{"start":{"line":69,"column":6},"end":{"line":69,"column":null}},"35":{"start":{"line":74,"column":20},"end":{"line":74,"column":52}},"36":{"start":{"line":74,"column":40},"end":{"line":74,"column":52}},"37":{"start":{"line":75,"column":4},"end":{"line":75,"column":null}},"38":{"start":{"line":75,"column":25},"end":{"line":75,"column":null}},"39":{"start":{"line":77,"column":4},"end":{"line":77,"column":null}},"40":{"start":{"line":78,"column":4},"end":{"line":85,"column":null}},"41":{"start":{"line":79,"column":6},"end":{"line":80,"column":null}},"42":{"start":{"line":80,"column":8},"end":{"line":80,"column":null}},"43":{"start":{"line":82,"column":6},"end":{"line":82,"column":null}},"44":{"start":{"line":84,"column":6},"end":{"line":84,"column":null}},"45":{"start":{"line":85,"column":6},"end":{"line":85,"column":null}}},"fnMap":{"0":{"name":"(anonymous_0)","decl":{"start":{"line":8,"column":2},"end":{"line":8,"column":null}},"loc":{"start":{"line":11,"column":4},"end":{"line":10,"column":null}},"line":11},"1":{"name":"(anonymous_1)","decl":{"start":{"line":13,"column":8},"end":{"line":13,"column":21}},"loc":{"start":{"line":13,"column":65},"end":{"line":14,"column":null}},"line":13},"2":{"name":"(anonymous_2)","decl":{"start":{"line":17,"column":8},"end":{"line":17,"column":19}},"loc":{"start":{"line":17,"column":78},"end":{"line":30,"column":null}},"line":17},"3":{"name":"(anonymous_3)","decl":{"start":{"line":33,"column":8},"end":{"line":33,"column":20}},"loc":{"start":{"line":33,"column":79},"end":{"line":46,"column":null}},"line":33},"4":{"name":"(anonymous_4)","decl":{"start":{"line":49,"column":8},"end":{"line":49,"column":19}},"loc":{"start":{"line":49,"column":78},"end":{"line":53,"column":null}},"line":49},"5":{"name":"(anonymous_5)","decl":{"start":{"line":57,"column":8},"end":{"line":57,"column":20}},"loc":{"start":{"line":57,"column":59},"end":{"line":69,"column":null}},"line":57},"6":{"name":"(anonymous_6)","decl":{"start":{"line":58,"column":26},"end":{"line":58,"column":34}},"loc":{"start":{"line":58,"column":40},"end":{"line":58,"column":53}},"line":58},"7":{"name":"(anonymous_7)","decl":{"start":{"line":73,"column":8},"end":{"line":73,"column":21}},"loc":{"start":{"line":73,"column":60},"end":{"line":85,"column":null}},"line":73},"8":{"name":"(anonymous_8)","decl":{"start":{"line":74,"column":26},"end":{"line":74,"column":34}},"loc":{"start":{"line":74,"column":40},"end":{"line":74,"column":52}},"line":74}},"branchMap":{"0":{"loc":{"start":{"line":18,"column":4},"end":{"line":18,"column":null}},"type":"if","locations":[{"start":{"line":18,"column":4},"end":{"line":18,"column":null}},{"start":{},"end":{}}],"line":18},"1":{"loc":{"start":{"line":20,"column":4},"end":{"line":20,"column":null}},"type":"if","locations":[{"start":{"line":20,"column":4},"end":{"line":20,"column":null}},{"start":{},"end":{}}],"line":20},"2":{"loc":{"start":{"line":34,"column":4},"end":{"line":34,"column":null}},"type":"if","locations":[{"start":{"line":34,"column":4},"end":{"line":34,"column":null}},{"start":{},"end":{}}],"line":34},"3":{"loc":{"start":{"line":36,"column":4},"end":{"line":36,"column":null}},"type":"if","locations":[{"start":{"line":36,"column":4},"end":{"line":36,"column":null}},{"start":{},"end":{}}],"line":36},"4":{"loc":{"start":{"line":50,"column":4},"end":{"line":53,"column":null}},"type":"if","locations":[{"start":{"line":50,"column":4},"end":{"line":53,"column":null}},{"start":{"line":52,"column":11},"end":{"line":53,"column":null}}],"line":50},"5":{"loc":{"start":{"line":59,"column":4},"end":{"line":59,"column":null}},"type":"if","locations":[{"start":{"line":59,"column":4},"end":{"line":59,"column":null}},{"start":{},"end":{}}],"line":59},"6":{"loc":{"start":{"line":75,"column":4},"end":{"line":75,"column":null}},"type":"if","locations":[{"start":{"line":75,"column":4},"end":{"line":75,"column":null}},{"start":{},"end":{}}],"line":75}},"s":{"0":13,"1":13,"2":1,"3":6,"4":1,"5":5,"6":4,"7":4,"8":4,"9":4,"10":4,"11":4,"12":6,"13":1,"14":5,"15":4,"16":4,"17":4,"18":4,"19":4,"20":4,"21":2,"22":1,"23":1,"24":3,"25":4,"26":3,"27":1,"28":2,"29":2,"30":2,"31":3,"32":1,"33":1,"34":1,"35":3,"36":4,"37":3,"38":1,"39":2,"40":2,"41":2,"42":3,"43":1,"44":1,"45":1},"f":{"0":13,"1":1,"2":6,"3":6,"4":2,"5":3,"6":4,"7":3,"8":4},"b":{"0":[1,5],"1":[0,4],"2":[1,5],"3":[0,4],"4":[1,1],"5":[1,2],"6":[1,2]},"meta":{"lastBranch":7,"lastFunction":9,"lastStatement":46,"seen":{"f:8:2:8:Infinity":0,"s:9:21:9:Infinity":0,"s:10:21:10:Infinity":1,"f:13:8:13:21":1,"s:14:4:14:Infinity":2,"f:17:8:17:19":2,"b:18:4:18:Infinity:undefined:undefined:undefined:undefined":0,"s:18:4:18:Infinity":3,"s:18:24:18:Infinity":4,"s:19:19:19:77":5,"b:20:4:20:Infinity:undefined:undefined:undefined:undefined":1,"s:20:4:20:Infinity":6,"s:20:31:20:Infinity":7,"s:21:4:21:Infinity":8,"s:22:4:28:Infinity":9,"s:29:4:29:Infinity":10,"s:30:4:30:Infinity":11,"f:33:8:33:20":3,"b:34:4:34:Infinity:undefined:undefined:undefined:undefined":2,"s:34:4:34:Infinity":12,"s:34:25:34:Infinity":13,"s:35:19:35:78":14,"b:36:4:36:Infinity:undefined:undefined:undefined:undefined":3,"s:36:4:36:Infinity":15,"s:36:31:36:Infinity":16,"s:37:4:37:Infinity":17,"s:38:4:44:Infinity":18,"s:45:4:45:Infinity":19,"s:46:4:46:Infinity":20,"f:49:8:49:19":4,"b:50:4:53:Infinity:52:11:53:Infinity":4,"s:50:4:53:Infinity":21,"s:51:6:51:Infinity":22,"s:53:6:53:Infinity":23,"f:57:8:57:20":5,"s:58:20:58:53":24,"f:58:26:58:34":6,"s:58:40:58:53":25,"b:59:4:59:Infinity:undefined:undefined:undefined:undefined":5,"s:59:4:59:Infinity":26,"s:59:25:59:Infinity":27,"s:61:4:61:Infinity":28,"s:62:4:69:Infinity":29,"s:63:6:64:Infinity":30,"s:64:8:64:Infinity":31,"s:66:6:66:Infinity":32,"s:68:6:68:Infinity":33,"s:69:6:69:Infinity":34,"f:73:8:73:21":7,"s:74:20:74:52":35,"f:74:26:74:34":8,"s:74:40:74:52":36,"b:75:4:75:Infinity:undefined:undefined:undefined:undefined":6,"s:75:4:75:Infinity":37,"s:75:25:75:Infinity":38,"s:77:4:77:Infinity":39,"s:78:4:85:Infinity":40,"s:79:6:80:Infinity":41,"s:80:8:80:Infinity":42,"s:82:6:82:Infinity":43,"s:84:6:84:Infinity":44,"s:85:6:85:Infinity":45}}}
,"E:\\workspaces\\windows-apps\\ContextMaster\\.claude\\worktrees\\elastic-swirles\\src\\main\\services\\PowerShellBridge.ts": {"path":"E:\\workspaces\\windows-apps\\ContextMaster\\.claude\\worktrees\\elastic-swirles\\src\\main\\services\\PowerShellBridge.ts","statementMap":{"0":{"start":{"line":10,"column":6},"end":{"line":10,"column":41}},"1":{"start":{"line":12,"column":19},"end":{"line":12,"column":null}},"2":{"start":{"line":13,"column":15},"end":{"line":13,"column":null}},"3":{"start":{"line":20,"column":4},"end":{"line":20,"column":null}},"4":{"start":{"line":21,"column":31},"end":{"line":24,"column":null}},"5":{"start":{"line":27,"column":4},"end":{"line":28,"column":null}},"6":{"start":{"line":28,"column":6},"end":{"line":28,"column":null}},"7":{"start":{"line":31,"column":20},"end":{"line":31,"column":33}},"8":{"start":{"line":32,"column":4},"end":{"line":32,"column":null}},"9":{"start":{"line":32,"column":18},"end":{"line":32,"column":null}},"10":{"start":{"line":34,"column":4},"end":{"line":38,"column":null}},"11":{"start":{"line":35,"column":6},"end":{"line":35,"column":null}},"12":{"start":{"line":37,"column":6},"end":{"line":37,"column":null}},"13":{"start":{"line":38,"column":6},"end":{"line":38,"column":null}},"14":{"start":{"line":47,"column":4},"end":{"line":48,"column":null}},"15":{"start":{"line":48,"column":6},"end":{"line":48,"column":null}},"16":{"start":{"line":51,"column":16},"end":{"line":51,"column":35}},"17":{"start":{"line":52,"column":22},"end":{"line":52,"column":64}},"18":{"start":{"line":53,"column":23},"end":{"line":53,"column":67}},"19":{"start":{"line":56,"column":25},"end":{"line":56,"column":55}},"20":{"start":{"line":57,"column":27},"end":{"line":71,"column":8}},"21":{"start":{"line":73,"column":4},"end":{"line":73,"column":null}},"22":{"start":{"line":76,"column":25},"end":{"line":76,"column":null}},"23":{"start":{"line":78,"column":4},"end":{"line":78,"column":null}},"24":{"start":{"line":79,"column":4},"end":{"line":86,"column":null}},"25":{"start":{"line":80,"column":6},"end":{"line":84,"column":null}},"26":{"start":{"line":86,"column":6},"end":{"line":86,"column":null}},"27":{"start":{"line":86,"column":12},"end":{"line":86,"column":45}},"28":{"start":{"line":89,"column":4},"end":{"line":90,"column":null}},"29":{"start":{"line":90,"column":6},"end":{"line":90,"column":null}},"30":{"start":{"line":94,"column":4},"end":{"line":98,"column":null}},"31":{"start":{"line":95,"column":6},"end":{"line":95,"column":null}},"32":{"start":{"line":96,"column":6},"end":{"line":96,"column":null}},"33":{"start":{"line":98,"column":6},"end":{"line":98,"column":null}},"34":{"start":{"line":102,"column":4},"end":{"line":105,"column":null}},"35":{"start":{"line":103,"column":6},"end":{"line":103,"column":null}},"36":{"start":{"line":105,"column":6},"end":{"line":105,"column":null}},"37":{"start":{"line":108,"column":4},"end":{"line":109,"column":null}},"38":{"start":{"line":109,"column":6},"end":{"line":109,"column":null}},"39":{"start":{"line":112,"column":4},"end":{"line":112,"column":null}},"40":{"start":{"line":121,"column":4},"end":{"line":152,"column":null}},"41":{"start":{"line":161,"column":19},"end":{"line":161,"column":null}},"42":{"start":{"line":162,"column":4},"end":{"line":185,"column":null}},"43":{"start":{"line":163,"column":6},"end":{"line":174,"column":null}},"44":{"start":{"line":176,"column":6},"end":{"line":185,"column":null}},"45":{"start":{"line":199,"column":4},"end":{"line":342,"column":null}},"46":{"start":{"line":351,"column":22},"end":{"line":351,"column":55}},"47":{"start":{"line":352,"column":26},"end":{"line":352,"column":65}},"48":{"start":{"line":353,"column":20},"end":{"line":353,"column":60}},"49":{"start":{"line":354,"column":22},"end":{"line":354,"column":48}},"50":{"start":{"line":355,"column":25},"end":{"line":355,"column":null}},"51":{"start":{"line":357,"column":29},"end":{"line":357,"column":null}},"52":{"start":{"line":358,"column":25},"end":{"line":358,"column":null}},"53":{"start":{"line":359,"column":4},"end":{"line":371,"column":null}}},"fnMap":{"0":{"name":"(anonymous_0)","decl":{"start":{"line":19,"column":8},"end":{"line":19,"column":19}},"loc":{"start":{"line":19,"column":47},"end":{"line":38,"column":null}},"line":19},"1":{"name":"(anonymous_1)","decl":{"start":{"line":46,"column":8},"end":{"line":46,"column":27}},"loc":{"start":{"line":46,"column":55},"end":{"line":112,"column":null}},"line":46},"2":{"name":"(anonymous_2)","decl":{"start":{"line":119,"column":2},"end":{"line":119,"column":22}},"loc":{"start":{"line":119,"column":51},"end":{"line":152,"column":null}},"line":119},"3":{"name":"(anonymous_3)","decl":{"start":{"line":160,"column":2},"end":{"line":160,"column":24}},"loc":{"start":{"line":160,"column":74},"end":{"line":185,"column":null}},"line":160},"4":{"name":"(anonymous_4)","decl":{"start":{"line":198,"column":2},"end":{"line":198,"column":30}},"loc":{"start":{"line":198,"column":62},"end":{"line":342,"column":null}},"line":198},"5":{"name":"(anonymous_5)","decl":{"start":{"line":350,"column":2},"end":{"line":350,"column":28}},"loc":{"start":{"line":350,"column":78},"end":{"line":371,"column":null}},"line":350}},"branchMap":{"0":{"loc":{"start":{"line":13,"column":15},"end":{"line":13,"column":null}},"type":"cond-expr","locations":[{"start":{"line":13,"column":43},"end":{"line":13,"column":56}},{"start":{"line":13,"column":56},"end":{"line":13,"column":null}}],"line":13},"1":{"loc":{"start":{"line":27,"column":4},"end":{"line":28,"column":null}},"type":"if","locations":[{"start":{"line":27,"column":4},"end":{"line":28,"column":null}},{"start":{},"end":{}}],"line":27},"2":{"loc":{"start":{"line":32,"column":4},"end":{"line":32,"column":null}},"type":"if","locations":[{"start":{"line":32,"column":4},"end":{"line":32,"column":null}},{"start":{},"end":{}}],"line":32},"3":{"loc":{"start":{"line":47,"column":4},"end":{"line":48,"column":null}},"type":"if","locations":[{"start":{"line":47,"column":4},"end":{"line":48,"column":null}},{"start":{},"end":{}}],"line":47},"4":{"loc":{"start":{"line":89,"column":4},"end":{"line":90,"column":null}},"type":"if","locations":[{"start":{"line":89,"column":4},"end":{"line":90,"column":null}},{"start":{},"end":{}}],"line":89},"5":{"loc":{"start":{"line":108,"column":4},"end":{"line":109,"column":null}},"type":"if","locations":[{"start":{"line":108,"column":4},"end":{"line":109,"column":null}},{"start":{},"end":{}}],"line":108},"6":{"loc":{"start":{"line":108,"column":8},"end":{"line":108,"column":69}},"type":"binary-expr","locations":[{"start":{"line":108,"column":8},"end":{"line":108,"column":18}},{"start":{"line":108,"column":18},"end":{"line":108,"column":48}},{"start":{"line":108,"column":48},"end":{"line":108,"column":69}}],"line":108},"7":{"loc":{"start":{"line":162,"column":4},"end":{"line":185,"column":null}},"type":"if","locations":[{"start":{"line":162,"column":4},"end":{"line":185,"column":null}},{"start":{"line":175,"column":11},"end":{"line":185,"column":null}}],"line":162},"8":{"loc":{"start":{"line":357,"column":29},"end":{"line":357,"column":null}},"type":"cond-expr","locations":[{"start":{"line":357,"column":38},"end":{"line":357,"column":56}},{"start":{"line":357,"column":56},"end":{"line":357,"column":null}}],"line":357},"9":{"loc":{"start":{"line":358,"column":25},"end":{"line":358,"column":null}},"type":"cond-expr","locations":[{"start":{"line":358,"column":34},"end":{"line":358,"column":46}},{"start":{"line":358,"column":46},"end":{"line":358,"column":null}}],"line":358}},"s":{"0":1,"1":1,"2":1,"3":0,"4":0,"5":0,"6":0,"7":0,"8":0,"9":0,"10":0,"11":0,"12":0,"13":0,"14":0,"15":0,"16":0,"17":0,"18":0,"19":0,"20":0,"21":0,"22":0,"23":0,"24":0,"25":0,"26":0,"27":0,"28":0,"29":0,"30":0,"31":0,"32":0,"33":0,"34":0,"35":0,"36":0,"37":0,"38":0,"39":0,"40":1,"41":2,"42":2,"43":1,"44":1,"45":0,"46":0,"47":0,"48":0,"49":0,"50":0,"51":0,"52":0,"53":0},"f":{"0":0,"1":0,"2":1,"3":2,"4":0,"5":0},"b":{"0":[0,1],"1":[0,0],"2":[0,0],"3":[0,0],"4":[0,0],"5":[0,0],"6":[0,0,0],"7":[1,1],"8":[0,0],"9":[0,0]},"meta":{"lastBranch":10,"lastFunction":6,"lastStatement":54,"seen":{"s:10:6:10:41":0,"s:12:19:12:Infinity":1,"s:13:15:13:Infinity":2,"b:13:43:13:56:13:56:13:Infinity":0,"f:19:8:19:19":0,"s:20:4:20:Infinity":3,"s:21:31:24:Infinity":4,"b:27:4:28:Infinity:undefined:undefined:undefined:undefined":1,"s:27:4:28:Infinity":5,"s:28:6:28:Infinity":6,"s:31:20:31:33":7,"b:32:4:32:Infinity:undefined:undefined:undefined:undefined":2,"s:32:4:32:Infinity":8,"s:32:18:32:Infinity":9,"s:34:4:38:Infinity":10,"s:35:6:35:Infinity":11,"s:37:6:37:Infinity":12,"s:38:6:38:Infinity":13,"f:46:8:46:27":1,"b:47:4:48:Infinity:undefined:undefined:undefined:undefined":3,"s:47:4:48:Infinity":14,"s:48:6:48:Infinity":15,"s:51:16:51:35":16,"s:52:22:52:64":17,"s:53:23:53:67":18,"s:56:25:56:55":19,"s:57:27:71:8":20,"s:73:4:73:Infinity":21,"s:76:25:76:Infinity":22,"s:78:4:78:Infinity":23,"s:79:4:86:Infinity":24,"s:80:6:84:Infinity":25,"s:86:6:86:Infinity":26,"s:86:12:86:45":27,"b:89:4:90:Infinity:undefined:undefined:undefined:undefined":4,"s:89:4:90:Infinity":28,"s:90:6:90:Infinity":29,"s:94:4:98:Infinity":30,"s:95:6:95:Infinity":31,"s:96:6:96:Infinity":32,"s:98:6:98:Infinity":33,"s:102:4:105:Infinity":34,"s:103:6:103:Infinity":35,"s:105:6:105:Infinity":36,"b:108:4:109:Infinity:undefined:undefined:undefined:undefined":5,"s:108:4:109:Infinity":37,"b:108:8:108:18:108:18:108:48:108:48:108:69":6,"s:109:6:109:Infinity":38,"s:112:4:112:Infinity":39,"f:119:2:119:22":2,"s:121:4:152:Infinity":40,"f:160:2:160:24":3,"s:161:19:161:Infinity":41,"b:162:4:185:Infinity:175:11:185:Infinity":7,"s:162:4:185:Infinity":42,"s:163:6:174:Infinity":43,"s:176:6:185:Infinity":44,"f:198:2:198:30":4,"s:199:4:342:Infinity":45,"f:350:2:350:28":5,"s:351:22:351:55":46,"s:352:26:352:65":47,"s:353:20:353:60":48,"s:354:22:354:48":49,"s:355:25:355:Infinity":50,"s:357:29:357:Infinity":51,"b:357:38:357:56:357:56:357:Infinity":8,"s:358:25:358:Infinity":52,"b:358:34:358:46:358:46:358:Infinity":9,"s:359:4:371:Infinity":53}}}
,"E:\\workspaces\\windows-apps\\ContextMaster\\.claude\\worktrees\\elastic-swirles\\src\\main\\services\\RegistryService.ts": {"path":"E:\\workspaces\\windows-apps\\ContextMaster\\.claude\\worktrees\\elastic-swirles\\src\\main\\services\\RegistryService.ts","statementMap":{"0":{"start":{"line":7,"column":56},"end":{"line":14,"column":null}},"1":{"start":{"line":17,"column":55},"end":{"line":24,"column":null}},"2":{"start":{"line":27,"column":20},"end":{"line":27,"column":null}},"3":{"start":{"line":43,"column":25},"end":{"line":43,"column":51}},"4":{"start":{"line":44,"column":26},"end":{"line":44,"column":null}},"5":{"start":{"line":45,"column":19},"end":{"line":45,"column":null}},"6":{"start":{"line":48,"column":4},"end":{"line":48,"column":null}},"7":{"start":{"line":55,"column":21},"end":{"line":55,"column":null}},"8":{"start":{"line":56,"column":24},"end":{"line":56,"column":null}},"9":{"start":{"line":57,"column":4},"end":{"line":86,"column":null}},"10":{"start":{"line":59,"column":21},"end":{"line":59,"column":58}},"11":{"start":{"line":60,"column":18},"end":{"line":60,"column":64}},"12":{"start":{"line":61,"column":20},"end":{"line":61,"column":64}},"13":{"start":{"line":64,"column":42},"end":{"line":64,"column":44}},"14":{"start":{"line":65,"column":6},"end":{"line":70,"column":null}},"15":{"start":{"line":66,"column":30},"end":{"line":66,"column":78}},"16":{"start":{"line":67,"column":27},"end":{"line":67,"column":80}},"17":{"start":{"line":68,"column":8},"end":{"line":68,"column":null}},"18":{"start":{"line":70,"column":8},"end":{"line":70,"column":null}},"19":{"start":{"line":73,"column":6},"end":{"line":83,"column":null}},"20":{"start":{"line":73,"column":53},"end":{"line":83,"column":9}},"21":{"start":{"line":85,"column":6},"end":{"line":85,"column":null}},"22":{"start":{"line":86,"column":6},"end":{"line":86,"column":null}},"23":{"start":{"line":96,"column":4},"end":{"line":112,"column":null}},"24":{"start":{"line":97,"column":6},"end":{"line":104,"column":null}},"25":{"start":{"line":98,"column":23},"end":{"line":98,"column":78}},"26":{"start":{"line":99,"column":8},"end":{"line":99,"column":null}},"27":{"start":{"line":100,"column":8},"end":{"line":100,"column":null}},"28":{"start":{"line":102,"column":23},"end":{"line":102,"column":74}},"29":{"start":{"line":103,"column":8},"end":{"line":103,"column":null}},"30":{"start":{"line":104,"column":8},"end":{"line":104,"column":null}},"31":{"start":{"line":107,"column":6},"end":{"line":108,"column":null}},"32":{"start":{"line":108,"column":8},"end":{"line":108,"column":null}},"33":{"start":{"line":110,"column":6},"end":{"line":112,"column":null}},"34":{"start":{"line":120,"column":4},"end":{"line":120,"column":null}},"35":{"start":{"line":121,"column":4},"end":{"line":122,"column":null}},"36":{"start":{"line":122,"column":6},"end":{"line":122,"column":null}},"37":{"start":{"line":124,"column":4},"end":{"line":124,"column":null}},"38":{"start":{"line":131,"column":4},"end":{"line":131,"column":null}},"39":{"start":{"line":131,"column":29},"end":{"line":131,"column":null}},"40":{"start":{"line":132,"column":4},"end":{"line":132,"column":null}},"41":{"start":{"line":133,"column":4},"end":{"line":139,"column":null}},"42":{"start":{"line":134,"column":6},"end":{"line":135,"column":null}},"43":{"start":{"line":135,"column":8},"end":{"line":135,"column":null}},"44":{"start":{"line":138,"column":6},"end":{"line":138,"column":null}},"45":{"start":{"line":139,"column":6},"end":{"line":139,"column":null}},"46":{"start":{"line":147,"column":4},"end":{"line":147,"column":null}},"47":{"start":{"line":148,"column":4},"end":{"line":148,"column":null}},"48":{"start":{"line":155,"column":4},"end":{"line":155,"column":null}},"49":{"start":{"line":159,"column":4},"end":{"line":164,"column":null}},"50":{"start":{"line":160,"column":21},"end":{"line":160,"column":76}},"51":{"start":{"line":161,"column":6},"end":{"line":161,"column":null}},"52":{"start":{"line":163,"column":21},"end":{"line":163,"column":72}},"53":{"start":{"line":164,"column":6},"end":{"line":164,"column":null}},"54":{"start":{"line":170,"column":4},"end":{"line":170,"column":null}},"55":{"start":{"line":174,"column":4},"end":{"line":174,"column":null}},"56":{"start":{"line":178,"column":4},"end":{"line":178,"column":null}},"57":{"start":{"line":178,"column":33},"end":{"line":178,"column":null}},"58":{"start":{"line":179,"column":4},"end":{"line":179,"column":null}}},"fnMap":{"0":{"name":"(anonymous_0)","decl":{"start":{"line":47,"column":2},"end":{"line":47,"column":14}},"loc":{"start":{"line":47,"column":36},"end":{"line":48,"column":null}},"line":47},"1":{"name":"(anonymous_1)","decl":{"start":{"line":54,"column":8},"end":{"line":54,"column":21}},"loc":{"start":{"line":54,"column":65},"end":{"line":86,"column":null}},"line":54},"2":{"name":"(anonymous_2)","decl":{"start":{"line":73,"column":41},"end":{"line":73,"column":46}},"loc":{"start":{"line":73,"column":53},"end":{"line":83,"column":9}},"line":73},"3":{"name":"(anonymous_3)","decl":{"start":{"line":95,"column":8},"end":{"line":95,"column":23}},"loc":{"start":{"line":95,"column":100},"end":{"line":112,"column":null}},"line":95},"4":{"name":"(anonymous_4)","decl":{"start":{"line":119,"column":2},"end":{"line":119,"column":22}},"loc":{"start":{"line":119,"column":87},"end":{"line":124,"column":null}},"line":119},"5":{"name":"(anonymous_5)","decl":{"start":{"line":130,"column":8},"end":{"line":130,"column":34}},"loc":{"start":{"line":130,"column":34},"end":{"line":139,"column":null}},"line":130},"6":{"name":"(anonymous_6)","decl":{"start":{"line":146,"column":2},"end":{"line":146,"column":28}},"loc":{"start":{"line":146,"column":28},"end":{"line":148,"column":null}},"line":146},"7":{"name":"(anonymous_7)","decl":{"start":{"line":154,"column":2},"end":{"line":154,"column":22}},"loc":{"start":{"line":154,"column":48},"end":{"line":155,"column":null}},"line":154},"8":{"name":"(anonymous_8)","decl":{"start":{"line":158,"column":16},"end":{"line":158,"column":39}},"loc":{"start":{"line":158,"column":93},"end":{"line":164,"column":null}},"line":158},"9":{"name":"(anonymous_9)","decl":{"start":{"line":169,"column":2},"end":{"line":169,"column":10}},"loc":{"start":{"line":169,"column":54},"end":{"line":170,"column":null}},"line":169},"10":{"name":"(anonymous_10)","decl":{"start":{"line":173,"column":0},"end":{"line":173,"column":8}},"loc":{"start":{"line":173,"column":48},"end":{"line":174,"column":null}},"line":173},"11":{"name":"(anonymous_11)","decl":{"start":{"line":177,"column":2},"end":{"line":177,"column":10}},"loc":{"start":{"line":177,"column":57},"end":{"line":179,"column":null}},"line":177}},"branchMap":{"0":{"loc":{"start":{"line":61,"column":20},"end":{"line":61,"column":64}},"type":"cond-expr","locations":[{"start":{"line":61,"column":41},"end":{"line":61,"column":48}},{"start":{"line":61,"column":48},"end":{"line":61,"column":64}}],"line":61},"1":{"loc":{"start":{"line":61,"column":48},"end":{"line":61,"column":64}},"type":"cond-expr","locations":[{"start":{"line":61,"column":54},"end":{"line":61,"column":59}},{"start":{"line":61,"column":62},"end":{"line":61,"column":64}}],"line":61},"2":{"loc":{"start":{"line":68,"column":23},"end":{"line":68,"column":95}},"type":"cond-expr","locations":[{"start":{"line":68,"column":51},"end":{"line":68,"column":65}},{"start":{"line":68,"column":65},"end":{"line":68,"column":95}}],"line":68},"3":{"loc":{"start":{"line":68,"column":65},"end":{"line":68,"column":95}},"type":"cond-expr","locations":[{"start":{"line":68,"column":78},"end":{"line":68,"column":90}},{"start":{"line":68,"column":93},"end":{"line":68,"column":95}}],"line":68},"4":{"loc":{"start":{"line":79,"column":16},"end":{"line":79,"column":58}},"type":"binary-expr","locations":[{"start":{"line":79,"column":16},"end":{"line":79,"column":28}},{"start":{"line":79,"column":28},"end":{"line":79,"column":58}}],"line":79},"5":{"loc":{"start":{"line":97,"column":6},"end":{"line":104,"column":null}},"type":"if","locations":[{"start":{"line":97,"column":6},"end":{"line":104,"column":null}},{"start":{"line":101,"column":13},"end":{"line":104,"column":null}}],"line":97},"6":{"loc":{"start":{"line":107,"column":6},"end":{"line":108,"column":null}},"type":"if","locations":[{"start":{"line":107,"column":6},"end":{"line":108,"column":null}},{"start":{},"end":{}}],"line":107},"7":{"loc":{"start":{"line":131,"column":4},"end":{"line":131,"column":null}},"type":"if","locations":[{"start":{"line":131,"column":4},"end":{"line":131,"column":null}},{"start":{},"end":{}}],"line":131},"8":{"loc":{"start":{"line":159,"column":4},"end":{"line":164,"column":null}},"type":"if","locations":[{"start":{"line":159,"column":4},"end":{"line":164,"column":null}},{"start":{"line":162,"column":11},"end":{"line":164,"column":null}}],"line":159},"9":{"loc":{"start":{"line":170,"column":11},"end":{"line":170,"column":89}},"type":"binary-expr","locations":[{"start":{"line":170,"column":11},"end":{"line":170,"column":42}},{"start":{"line":170,"column":46},"end":{"line":170,"column":89}}],"line":170},"10":{"loc":{"start":{"line":174,"column":11},"end":{"line":174,"column":null}},"type":"binary-expr","locations":[{"start":{"line":174,"column":11},"end":{"line":174,"column":25}},{"start":{"line":174,"column":25},"end":{"line":174,"column":null}}],"line":174},"11":{"loc":{"start":{"line":178,"column":4},"end":{"line":178,"column":null}},"type":"if","locations":[{"start":{"line":178,"column":4},"end":{"line":178,"column":null}},{"start":{},"end":{}}],"line":178}},"s":{"0":1,"1":1,"2":1,"3":4,"4":4,"5":4,"6":4,"7":2,"8":2,"9":2,"10":2,"11":2,"12":2,"13":2,"14":2,"15":2,"16":2,"17":2,"18":0,"19":2,"20":1,"21":0,"22":0,"23":0,"24":0,"25":0,"26":0,"27":0,"28":0,"29":0,"30":0,"31":0,"32":0,"33":0,"34":2,"35":2,"36":3,"37":2,"38":0,"39":0,"40":0,"41":0,"42":0,"43":0,"44":0,"45":0,"46":1,"47":1,"48":0,"49":0,"50":0,"51":0,"52":0,"53":0,"54":0,"55":0,"56":1,"57":0,"58":1},"f":{"0":4,"1":2,"2":1,"3":0,"4":2,"5":0,"6":1,"7":0,"8":0,"9":0,"10":0,"11":1},"b":{"0":[2,0],"1":[0,0],"2":[2,0],"3":[0,0],"4":[1,0],"5":[0,0],"6":[0,0],"7":[0,0],"8":[0,0],"9":[0,0],"10":[0,0],"11":[0,1]},"meta":{"lastBranch":12,"lastFunction":12,"lastStatement":59,"seen":{"s:7:56:14:Infinity":0,"s:17:55:24:Infinity":1,"s:27:20:27:Infinity":2,"s:43:25:43:51":3,"s:44:26:44:Infinity":4,"s:45:19:45:Infinity":5,"f:47:2:47:14":0,"s:48:4:48:Infinity":6,"f:54:8:54:21":1,"s:55:21:55:Infinity":7,"s:56:24:56:Infinity":8,"s:57:4:86:Infinity":9,"s:59:21:59:58":10,"s:60:18:60:64":11,"s:61:20:61:64":12,"b:61:41:61:48:61:48:61:64":0,"b:61:54:61:59:61:62:61:64":1,"s:64:42:64:44":13,"s:65:6:70:Infinity":14,"s:66:30:66:78":15,"s:67:27:67:80":16,"s:68:8:68:Infinity":17,"b:68:51:68:65:68:65:68:95":2,"b:68:78:68:90:68:93:68:95":3,"s:70:8:70:Infinity":18,"s:73:6:83:Infinity":19,"f:73:41:73:46":2,"s:73:53:83:9":20,"b:79:16:79:28:79:28:79:58":4,"s:85:6:85:Infinity":21,"s:86:6:86:Infinity":22,"f:95:8:95:23":3,"s:96:4:112:Infinity":23,"b:97:6:104:Infinity:101:13:104:Infinity":5,"s:97:6:104:Infinity":24,"s:98:23:98:78":25,"s:99:8:99:Infinity":26,"s:100:8:100:Infinity":27,"s:102:23:102:74":28,"s:103:8:103:Infinity":29,"s:104:8:104:Infinity":30,"b:107:6:108:Infinity:undefined:undefined:undefined:undefined":6,"s:107:6:108:Infinity":31,"s:108:8:108:Infinity":32,"s:110:6:112:Infinity":33,"f:119:2:119:22":4,"s:120:4:120:Infinity":34,"s:121:4:122:Infinity":35,"s:122:6:122:Infinity":36,"s:124:4:124:Infinity":37,"f:130:8:130:34":5,"b:131:4:131:Infinity:undefined:undefined:undefined:undefined":7,"s:131:4:131:Infinity":38,"s:131:29:131:Infinity":39,"s:132:4:132:Infinity":40,"s:133:4:139:Infinity":41,"s:134:6:135:Infinity":42,"s:135:8:135:Infinity":43,"s:138:6:138:Infinity":44,"s:139:6:139:Infinity":45,"f:146:2:146:28":6,"s:147:4:147:Infinity":46,"s:148:4:148:Infinity":47,"f:154:2:154:22":7,"s:155:4:155:Infinity":48,"f:158:16:158:39":8,"b:159:4:164:Infinity:162:11:164:Infinity":8,"s:159:4:164:Infinity":49,"s:160:21:160:76":50,"s:161:6:161:Infinity":51,"s:163:21:163:72":52,"s:164:6:164:Infinity":53,"f:169:2:169:10":9,"s:170:4:170:Infinity":54,"b:170:11:170:42:170:46:170:89":9,"f:173:0:173:8":10,"s:174:4:174:Infinity":55,"b:174:11:174:25:174:25:174:Infinity":10,"f:177:2:177:10":11,"b:178:4:178:Infinity:undefined:undefined:undefined:undefined":11,"s:178:4:178:Infinity":56,"s:178:33:178:Infinity":57,"s:179:4:179:Infinity":58}}}
,"E:\\workspaces\\windows-apps\\ContextMaster\\.claude\\worktrees\\elastic-swirles\\src\\main\\utils\\AdminHelper.ts": {"path":"E:\\workspaces\\windows-apps\\ContextMaster\\.claude\\worktrees\\elastic-swirles\\src\\main\\utils\\AdminHelper.ts","statementMap":{"0":{"start":{"line":6,"column":34},"end":{"line":6,"column":null}},"1":{"start":{"line":14,"column":2},"end":{"line":14,"column":null}},"2":{"start":{"line":14,"column":36},"end":{"line":14,"column":null}},"3":{"start":{"line":15,"column":2},"end":{"line":15,"column":null}},"4":{"start":{"line":15,"column":28},"end":{"line":15,"column":null}},"5":{"start":{"line":16,"column":2},"end":{"line":27,"column":null}},"6":{"start":{"line":17,"column":10},"end":{"line":24,"column":23}},"7":{"start":{"line":25,"column":4},"end":{"line":25,"column":null}},"8":{"start":{"line":27,"column":4},"end":{"line":27,"column":null}},"9":{"start":{"line":29,"column":2},"end":{"line":29,"column":null}},"10":{"start":{"line":37,"column":18},"end":{"line":37,"column":36}},"11":{"start":{"line":38,"column":2},"end":{"line":38,"column":null}},"12":{"start":{"line":40,"column":17},"end":{"line":40,"column":null}},"13":{"start":{"line":41,"column":2},"end":{"line":49,"column":null}},"14":{"start":{"line":45,"column":6},"end":{"line":46,"column":null}},"15":{"start":{"line":46,"column":8},"end":{"line":46,"column":null}},"16":{"start":{"line":52,"column":2},"end":{"line":52,"column":null}},"17":{"start":{"line":52,"column":19},"end":{"line":52,"column":29}}},"fnMap":{"0":{"name":"isAdmin","decl":{"start":{"line":13,"column":16},"end":{"line":13,"column":35}},"loc":{"start":{"line":13,"column":35},"end":{"line":29,"column":null}},"line":13},"1":{"name":"restartAsAdmin","decl":{"start":{"line":36,"column":16},"end":{"line":36,"column":39}},"loc":{"start":{"line":36,"column":39},"end":{"line":52,"column":null}},"line":36},"2":{"name":"(anonymous_2)","decl":{"start":{"line":43,"column":57},"end":{"line":43,"column":null}},"loc":{"start":{"line":44,"column":13},"end":{"line":49,"column":null}},"line":44},"3":{"name":"(anonymous_3)","decl":{"start":{"line":52,"column":2},"end":{"line":52,"column":19}},"loc":{"start":{"line":52,"column":19},"end":{"line":52,"column":29}},"line":52}},"branchMap":{"0":{"loc":{"start":{"line":14,"column":2},"end":{"line":14,"column":null}},"type":"if","locations":[{"start":{"line":14,"column":2},"end":{"line":14,"column":null}},{"start":{},"end":{}}],"line":14},"1":{"loc":{"start":{"line":15,"column":2},"end":{"line":15,"column":null}},"type":"if","locations":[{"start":{"line":15,"column":2},"end":{"line":15,"column":null}},{"start":{},"end":{}}],"line":15},"2":{"loc":{"start":{"line":45,"column":6},"end":{"line":46,"column":null}},"type":"if","locations":[{"start":{"line":45,"column":6},"end":{"line":46,"column":null}},{"start":{},"end":{}}],"line":45}},"s":{"0":9,"1":8,"2":1,"3":7,"4":3,"5":4,"6":4,"7":4,"8":1,"9":4,"10":3,"11":3,"12":3,"13":3,"14":2,"15":1,"16":3,"17":1},"f":{"0":8,"1":3,"2":2,"3":1},"b":{"0":[1,7],"1":[3,4],"2":[1,1]},"meta":{"lastBranch":3,"lastFunction":4,"lastStatement":18,"seen":{"s:6:34:6:Infinity":0,"f:13:16:13:35":0,"b:14:2:14:Infinity:undefined:undefined:undefined:undefined":0,"s:14:2:14:Infinity":1,"s:14:36:14:Infinity":2,"b:15:2:15:Infinity:undefined:undefined:undefined:undefined":1,"s:15:2:15:Infinity":3,"s:15:28:15:Infinity":4,"s:16:2:27:Infinity":5,"s:17:10:24:23":6,"s:25:4:25:Infinity":7,"s:27:4:27:Infinity":8,"s:29:2:29:Infinity":9,"f:36:16:36:39":1,"s:37:18:37:36":10,"s:38:2:38:Infinity":11,"s:40:17:40:Infinity":12,"s:41:2:49:Infinity":13,"f:43:57:43:Infinity":2,"b:45:6:46:Infinity:undefined:undefined:undefined:undefined":2,"s:45:6:46:Infinity":14,"s:46:8:46:Infinity":15,"s:52:2:52:Infinity":16,"f:52:2:52:19":3,"s:52:19:52:29":17}}}
,"E:\\workspaces\\windows-apps\\ContextMaster\\.claude\\worktrees\\elastic-swirles\\src\\main\\utils\\ipcWrapper.ts": {"path":"E:\\workspaces\\windows-apps\\ContextMaster\\.claude\\worktrees\\elastic-swirles\\src\\main\\utils\\ipcWrapper.ts","statementMap":{"0":{"start":{"line":13,"column":2},"end":{"line":20,"column":null}},"1":{"start":{"line":14,"column":4},"end":{"line":20,"column":null}},"2":{"start":{"line":15,"column":19},"end":{"line":15,"column":36}},"3":{"start":{"line":16,"column":6},"end":{"line":16,"column":null}},"4":{"start":{"line":18,"column":18},"end":{"line":18,"column":60}},"5":{"start":{"line":19,"column":6},"end":{"line":19,"column":null}},"6":{"start":{"line":20,"column":6},"end":{"line":20,"column":null}}},"fnMap":{"0":{"name":"wrapHandler","decl":{"start":{"line":9,"column":16},"end":{"line":9,"column":null}},"loc":{"start":{"line":11,"column":45},"end":{"line":20,"column":null}},"line":11},"1":{"name":"(anonymous_1)","decl":{"start":{"line":13,"column":9},"end":{"line":13,"column":16}},"loc":{"start":{"line":13,"column":58},"end":{"line":20,"column":null}},"line":13}},"branchMap":{"0":{"loc":{"start":{"line":18,"column":18},"end":{"line":18,"column":60}},"type":"cond-expr","locations":[{"start":{"line":18,"column":39},"end":{"line":18,"column":51}},{"start":{"line":18,"column":51},"end":{"line":18,"column":60}}],"line":18}},"s":{"0":8,"1":8,"2":8,"3":1,"4":7,"5":7,"6":7},"f":{"0":8,"1":8},"b":{"0":[2,5]},"meta":{"lastBranch":1,"lastFunction":2,"lastStatement":7,"seen":{"f:9:16:9:Infinity":0,"s:13:2:20:Infinity":0,"f:13:9:13:16":1,"s:14:4:20:Infinity":1,"s:15:19:15:36":2,"s:16:6:16:Infinity":3,"s:18:18:18:60":4,"b:18:39:18:51:18:51:18:60":0,"s:19:6:19:Infinity":5,"s:20:6:20:Infinity":6}}}
,"E:\\workspaces\\windows-apps\\ContextMaster\\.claude\\worktrees\\elastic-swirles\\src\\main\\utils\\logger.ts": {"path":"E:\\workspaces\\windows-apps\\ContextMaster\\.claude\\worktrees\\elastic-swirles\\src\\main\\utils\\logger.ts","statementMap":{"0":{"start":{"line":6,"column":2},"end":{"line":7,"column":null}},"1":{"start":{"line":7,"column":4},"end":{"line":7,"column":58}},"2":{"start":{"line":8,"column":2},"end":{"line":8,"column":null}},"3":{"start":{"line":9,"column":2},"end":{"line":9,"column":null}},"4":{"start":{"line":10,"column":2},"end":{"line":10,"column":null}},"5":{"start":{"line":14,"column":2},"end":{"line":14,"column":null}}},"fnMap":{"0":{"name":"initLogger","decl":{"start":{"line":5,"column":16},"end":{"line":5,"column":35}},"loc":{"start":{"line":5,"column":35},"end":{"line":10,"column":null}},"line":5},"1":{"name":"(anonymous_1)","decl":{"start":{"line":6,"column":22},"end":{"line":6,"column":null}},"loc":{"start":{"line":7,"column":4},"end":{"line":7,"column":58}},"line":7},"2":{"name":"getLogDir","decl":{"start":{"line":13,"column":16},"end":{"line":13,"column":36}},"loc":{"start":{"line":13,"column":36},"end":{"line":14,"column":null}},"line":13}},"branchMap":{},"s":{"0":0,"1":0,"2":0,"3":0,"4":0,"5":0},"f":{"0":0,"1":0,"2":0},"b":{},"meta":{"lastBranch":0,"lastFunction":3,"lastStatement":6,"seen":{"f:5:16:5:35":0,"s:6:2:7:Infinity":0,"f:6:22:6:Infinity":1,"s:7:4:7:58":1,"s:8:2:8:Infinity":2,"s:9:2:9:Infinity":3,"s:10:2:10:Infinity":4,"f:13:16:13:36":2,"s:14:2:14:Infinity":5}}}
,"E:\\workspaces\\windows-apps\\ContextMaster\\.claude\\worktrees\\elastic-swirles\\src\\shared\\enums.ts": {"path":"E:\\workspaces\\windows-apps\\ContextMaster\\.claude\\worktrees\\elastic-swirles\\src\\shared\\enums.ts","statementMap":{"0":{"start":{"line":1,"column":7},"end":{"line":8,"column":null}},"1":{"start":{"line":2,"column":2},"end":{"line":2,"column":null}},"2":{"start":{"line":3,"column":2},"end":{"line":3,"column":null}},"3":{"start":{"line":4,"column":2},"end":{"line":4,"column":null}},"4":{"start":{"line":5,"column":2},"end":{"line":5,"column":null}},"5":{"start":{"line":6,"column":2},"end":{"line":6,"column":null}},"6":{"start":{"line":7,"column":2},"end":{"line":7,"column":null}},"7":{"start":{"line":10,"column":7},"end":{"line":14,"column":null}},"8":{"start":{"line":11,"column":2},"end":{"line":11,"column":null}},"9":{"start":{"line":12,"column":2},"end":{"line":12,"column":null}},"10":{"start":{"line":13,"column":2},"end":{"line":13,"column":null}},"11":{"start":{"line":16,"column":7},"end":{"line":24,"column":null}},"12":{"start":{"line":17,"column":2},"end":{"line":17,"column":null}},"13":{"start":{"line":18,"column":2},"end":{"line":18,"column":null}},"14":{"start":{"line":19,"column":2},"end":{"line":19,"column":null}},"15":{"start":{"line":20,"column":2},"end":{"line":20,"column":null}},"16":{"start":{"line":21,"column":2},"end":{"line":21,"column":null}},"17":{"start":{"line":22,"column":2},"end":{"line":22,"column":null}},"18":{"start":{"line":23,"column":2},"end":{"line":23,"column":null}},"19":{"start":{"line":26,"column":7},"end":{"line":29,"column":null}},"20":{"start":{"line":27,"column":2},"end":{"line":27,"column":null}},"21":{"start":{"line":28,"column":2},"end":{"line":28,"column":null}}},"fnMap":{"0":{"name":"(anonymous_0)","decl":{"start":{"line":1,"column":7},"end":{"line":1,"column":12}},"loc":{"start":{"line":1,"column":7},"end":{"line":8,"column":null}},"line":1},"1":{"name":"(anonymous_1)","decl":{"start":{"line":10,"column":7},"end":{"line":10,"column":12}},"loc":{"start":{"line":10,"column":7},"end":{"line":14,"column":null}},"line":10},"2":{"name":"(anonymous_2)","decl":{"start":{"line":16,"column":7},"end":{"line":16,"column":12}},"loc":{"start":{"line":16,"column":7},"end":{"line":24,"column":null}},"line":16},"3":{"name":"(anonymous_3)","decl":{"start":{"line":26,"column":7},"end":{"line":26,"column":12}},"loc":{"start":{"line":26,"column":7},"end":{"line":29,"column":null}},"line":26}},"branchMap":{},"s":{"0":6,"1":6,"2":6,"3":6,"4":6,"5":6,"6":6,"7":6,"8":6,"9":6,"10":6,"11":6,"12":6,"13":6,"14":6,"15":6,"16":6,"17":6,"18":6,"19":6,"20":6,"21":6},"f":{"0":6,"1":6,"2":6,"3":6},"b":{},"meta":{"lastBranch":0,"lastFunction":4,"lastStatement":22,"seen":{"s:1:7:8:Infinity":0,"f:1:7:1:12":0,"s:2:2:2:Infinity":1,"s:3:2:3:Infinity":2,"s:4:2:4:Infinity":3,"s:5:2:5:Infinity":4,"s:6:2:6:Infinity":5,"s:7:2:7:Infinity":6,"s:10:7:14:Infinity":7,"f:10:7:10:12":1,"s:11:2:11:Infinity":8,"s:12:2:12:Infinity":9,"s:13:2:13:Infinity":10,"s:16:7:24:Infinity":11,"f:16:7:16:12":2,"s:17:2:17:Infinity":12,"s:18:2:18:Infinity":13,"s:19:2:19:Infinity":14,"s:20:2:20:Infinity":15,"s:21:2:21:Infinity":16,"s:22:2:22:Infinity":17,"s:23:2:23:Infinity":18,"s:26:7:29:Infinity":19,"f:26:7:26:12":3,"s:27:2:27:Infinity":20,"s:28:2:28:Infinity":21}}}
,"E:\\workspaces\\windows-apps\\ContextMaster\\.claude\\worktrees\\elastic-swirles\\src\\shared\\ipc-channels.ts": {"path":"E:\\workspaces\\windows-apps\\ContextMaster\\.claude\\worktrees\\elastic-swirles\\src\\shared\\ipc-channels.ts","statementMap":{"0":{"start":{"line":2,"column":19},"end":{"line":33,"column":null}}},"fnMap":{},"branchMap":{},"s":{"0":1},"f":{},"b":{},"meta":{"lastBranch":0,"lastFunction":0,"lastStatement":1,"seen":{"s:2:19:33:Infinity":0}}}
}
